
Running Gradle task 'assembleDebug'...                          
flutter : 
At line:1 char:1
+ flutter build apk --debug 2>&1 | Out-File -FilePath build_log.txt -En ...
+ ~~~~~~~~~~~~~~~~~~~~~~~~~~~~~~
    + CategoryInfo          : NotSpecified: (:String) [], RemoteException
    + FullyQualifiedErrorId : NativeCommandError
 
FAILURE: Build completed with 3 failures.

1: Task failed with an exception.
-----------
* Where:
Build file 'C:\Users\USER\AppData\Local\Pub\Cache\hosted\pub.dev\record_android-1
.5.1\android\build.gradle' line: 32

* What went wrong:
A problem occurred evaluating project ':record_android'.
> Could not get unknown property 'flutter' for extension 'android' of type com.an
droid.build.gradle.LibraryExtension.

* Try:
> Run with --stacktrace option to get the stack trace.
> Run with --info or --debug option to get more log output.
> Run with --scan to get full insights.
> Get more help at https://help.gradle.org.
==============================================================================

2: Task failed with an exception.
-----------
* What went wrong:
A problem occurred configuring project ':record_android'.
> Failed to notify project evaluation listener.
   > Cannot invoke method substring() on null object
   > compileSdkVersion is not specified. Please add it to build.gradle

* Try:
> Run with --stacktrace option to get the stack trace.
> Run with --info or --debug option to get more log output.
> Run with --scan to get full insights.
> Get more help at https://help.gradle.org.
==============================================================================

3: Task failed with an exception.
-----------
* What went wrong:
Failed to query the value of property 'buildFlowServiceProperty'.
> Could not isolate value org.jetbrains.kotlin.gradle.plugin.statistics.BuildFlow
Service$Parameters_Decorated@42a5248a of type BuildFlowService.Parameters
   > A problem occurred configuring project ':record_android'.
      > Failed to notify project evaluation listener.
         > Cannot invoke method substring() on null object
         > compileSdkVersion is not specified. Please add it to build.gradle

* Try:
> Run with --stacktrace option to get the stack trace.
> Run with --info or --debug option to get more log output.
> Run with --scan to get full insights.
> Get more help at https://help.gradle.org.
==============================================================================

BU´┐¢LD FAILED in 20s
Running Gradle task 'assembleDebug'...                             23,2s
Gradle task assembleDebug failed with exit code 1
